<?xml version="1.0" encoding="UTF-8" ?>
<testsuite failures="0" time="0.058" errors="1" skipped="0" tests="1" name="test.LoginLogoutTest">
  <properties>
    <property name="java.runtime.name" value="Java(TM) SE Runtime Environment"/>
    <property name="sun.boot.library.path" value="C:\Users\RTF\AppData\Local\MyEclipse\Common\binary\com.sun.java.jdk.win32.x86_64_1.6.0.013\jre\bin"/>
    <property name="java.vm.version" value="11.3-b02"/>
    <property name="java.vm.vendor" value="Sun Microsystems Inc."/>
    <property name="java.vendor.url" value="http://java.sun.com/"/>
    <property name="path.separator" value=";"/>
    <property name="java.vm.name" value="Java HotSpot(TM) 64-Bit Server VM"/>
    <property name="file.encoding.pkg" value="sun.io"/>
    <property name="user.country" value="CN"/>
    <property name="sun.java.launcher" value="SUN_STANDARD"/>
    <property name="sun.os.patch.level" value="Service Pack 1"/>
    <property name="java.vm.specification.name" value="Java Virtual Machine Specification"/>
    <property name="user.dir" value="C:\Users\RTF\Workspaces\MyEclipse 10\shiro"/>
    <property name="java.runtime.version" value="1.6.0_13-b03"/>
    <property name="java.awt.graphicsenv" value="sun.awt.Win32GraphicsEnvironment"/>
    <property name="basedir" value="C:\Users\RTF\Workspaces\MyEclipse 10\shiro"/>
    <property name="java.endorsed.dirs" value="C:\Users\RTF\AppData\Local\MyEclipse\Common\binary\com.sun.java.jdk.win32.x86_64_1.6.0.013\jre\lib\endorsed"/>
    <property name="os.arch" value="amd64"/>
    <property name="surefire.real.class.path" value="C:\Users\RTF\Workspaces\MyEclipse 10\shiro\target\surefire\surefirebooter676187826346569412.jar"/>
    <property name="java.io.tmpdir" value="C:\Users\RTF\AppData\Local\Temp\"/>
    <property name="line.separator" value="
"/>
    <property name="java.vm.specification.vendor" value="Sun Microsystems Inc."/>
    <property name="user.variant" value=""/>
    <property name="os.name" value="Windows Vista"/>
    <property name="sun.jnu.encoding" value="GBK"/>
    <property name="java.library.path" value="C:\Users\RTF\AppData\Local\MyEclipse\Common\binary\com.sun.java.jdk.win32.x86_64_1.6.0.013\jre\bin;.;C:\Windows\Sun\Java\bin;C:\Windows\system32;C:\Windows;C:\Windows\system32;C:\Windows;C:\Windows\system32\wbem;C:\Program Files (x86)\Java\jdk1.7.0_02/bin;;D:\Program Files\Apache Software Foundation\apache-maven-3.2.1\bin;C:\Program Files (x86)\Java\jdk1.7.0_02\bin;C:\Program Files (x86)\Java\jdk1.7.0_02\jre\bin;C:\USERS\RTF\DESKTOP\BIN\PLUGINS\SPATIALITE;C:\USERS\RTF\DESKTOP\BIN\PLUGINS\SPATIALITE"/>
    <property name="surefire.test.class.path" value="C:\Users\RTF\Workspaces\MyEclipse 10\shiro\target\test-classes;C:\Users\RTF\Workspaces\MyEclipse 10\shiro\target\classes;D:\.m2\repository\javax\servlet\jstl\1.2\jstl-1.2.jar;D:\.m2\repository\javax\servlet\jsp\jsp-api\2.1\jsp-api-2.1.jar;D:\.m2\repository\org\apache\shiro\shiro-core\1.2.3\shiro-core-1.2.3.jar;D:\.m2\repository\org\slf4j\slf4j-api\1.6.4\slf4j-api-1.6.4.jar;D:\.m2\repository\commons-beanutils\commons-beanutils\1.8.3\commons-beanutils-1.8.3.jar;D:\.m2\repository\org\apache\shiro\shiro-web\1.2.3\shiro-web-1.2.3.jar;D:\.m2\repository\org\apache\shiro\shiro-aspectj\1.2.3\shiro-aspectj-1.2.3.jar;D:\.m2\repository\org\aspectj\aspectjrt\1.6.12\aspectjrt-1.6.12.jar;D:\.m2\repository\org\aspectj\aspectjweaver\1.6.12\aspectjweaver-1.6.12.jar;D:\.m2\repository\org\apache\shiro\shiro-cas\1.2.3\shiro-cas-1.2.3.jar;D:\.m2\repository\org\jasig\cas\client\cas-client-core\3.2.1\cas-client-core-3.2.1.jar;D:\.m2\repository\commons-logging\commons-logging\1.1\commons-logging-1.1.jar;D:\.m2\repository\javax\servlet\servlet-api\2.3\servlet-api-2.3.jar;D:\.m2\repository\org\apache\shiro\shiro-ehcache\1.2.3\shiro-ehcache-1.2.3.jar;D:\.m2\repository\net\sf\ehcache\ehcache-core\2.5.0\ehcache-core-2.5.0.jar;D:\.m2\repository\org\apache\shiro\shiro-guice\1.2.3\shiro-guice-1.2.3.jar;D:\.m2\repository\com\google\guava\guava\r09\guava-r09.jar;D:\.m2\repository\com\google\inject\guice\3.0\guice-3.0.jar;D:\.m2\repository\javax\inject\javax.inject\1\javax.inject-1.jar;D:\.m2\repository\aopalliance\aopalliance\1.0\aopalliance-1.0.jar;D:\.m2\repository\com\google\inject\extensions\guice-multibindings\3.0\guice-multibindings-3.0.jar;D:\.m2\repository\org\apache\shiro\shiro-quartz\1.2.3\shiro-quartz-1.2.3.jar;D:\.m2\repository\org\opensymphony\quartz\quartz\1.6.1\quartz-1.6.1.jar;D:\.m2\repository\org\apache\shiro\shiro-spring\1.2.3\shiro-spring-1.2.3.jar;D:\.m2\repository\log4j\log4j\1.2.17\log4j-1.2.17.jar;D:\.m2\repository\junit\junit\4.11\junit-4.11.jar;D:\.m2\repository\org\hamcrest\hamcrest-core\1.3\hamcrest-core-1.3.jar;"/>
    <property name="java.specification.name" value="Java Platform API Specification"/>
    <property name="java.class.version" value="50.0"/>
    <property name="sun.management.compiler" value="HotSpot 64-Bit Server Compiler"/>
    <property name="os.version" value="6.1"/>
    <property name="user.home" value="C:\Users\RTF"/>
    <property name="user.timezone" value=""/>
    <property name="java.awt.printerjob" value="sun.awt.windows.WPrinterJob"/>
    <property name="java.specification.version" value="1.6"/>
    <property name="file.encoding" value="GBK"/>
    <property name="user.name" value="RTF"/>
    <property name="java.class.path" value="C:\Users\RTF\Workspaces\MyEclipse 10\shiro\target\test-classes;C:\Users\RTF\Workspaces\MyEclipse 10\shiro\target\classes;D:\.m2\repository\javax\servlet\jstl\1.2\jstl-1.2.jar;D:\.m2\repository\javax\servlet\jsp\jsp-api\2.1\jsp-api-2.1.jar;D:\.m2\repository\org\apache\shiro\shiro-core\1.2.3\shiro-core-1.2.3.jar;D:\.m2\repository\org\slf4j\slf4j-api\1.6.4\slf4j-api-1.6.4.jar;D:\.m2\repository\commons-beanutils\commons-beanutils\1.8.3\commons-beanutils-1.8.3.jar;D:\.m2\repository\org\apache\shiro\shiro-web\1.2.3\shiro-web-1.2.3.jar;D:\.m2\repository\org\apache\shiro\shiro-aspectj\1.2.3\shiro-aspectj-1.2.3.jar;D:\.m2\repository\org\aspectj\aspectjrt\1.6.12\aspectjrt-1.6.12.jar;D:\.m2\repository\org\aspectj\aspectjweaver\1.6.12\aspectjweaver-1.6.12.jar;D:\.m2\repository\org\apache\shiro\shiro-cas\1.2.3\shiro-cas-1.2.3.jar;D:\.m2\repository\org\jasig\cas\client\cas-client-core\3.2.1\cas-client-core-3.2.1.jar;D:\.m2\repository\commons-logging\commons-logging\1.1\commons-logging-1.1.jar;D:\.m2\repository\javax\servlet\servlet-api\2.3\servlet-api-2.3.jar;D:\.m2\repository\org\apache\shiro\shiro-ehcache\1.2.3\shiro-ehcache-1.2.3.jar;D:\.m2\repository\net\sf\ehcache\ehcache-core\2.5.0\ehcache-core-2.5.0.jar;D:\.m2\repository\org\apache\shiro\shiro-guice\1.2.3\shiro-guice-1.2.3.jar;D:\.m2\repository\com\google\guava\guava\r09\guava-r09.jar;D:\.m2\repository\com\google\inject\guice\3.0\guice-3.0.jar;D:\.m2\repository\javax\inject\javax.inject\1\javax.inject-1.jar;D:\.m2\repository\aopalliance\aopalliance\1.0\aopalliance-1.0.jar;D:\.m2\repository\com\google\inject\extensions\guice-multibindings\3.0\guice-multibindings-3.0.jar;D:\.m2\repository\org\apache\shiro\shiro-quartz\1.2.3\shiro-quartz-1.2.3.jar;D:\.m2\repository\org\opensymphony\quartz\quartz\1.6.1\quartz-1.6.1.jar;D:\.m2\repository\org\apache\shiro\shiro-spring\1.2.3\shiro-spring-1.2.3.jar;D:\.m2\repository\log4j\log4j\1.2.17\log4j-1.2.17.jar;D:\.m2\repository\junit\junit\4.11\junit-4.11.jar;D:\.m2\repository\org\hamcrest\hamcrest-core\1.3\hamcrest-core-1.3.jar;"/>
    <property name="java.vm.specification.version" value="1.0"/>
    <property name="sun.arch.data.model" value="64"/>
    <property name="java.home" value="C:\Users\RTF\AppData\Local\MyEclipse\Common\binary\com.sun.java.jdk.win32.x86_64_1.6.0.013\jre"/>
    <property name="java.specification.vendor" value="Sun Microsystems Inc."/>
    <property name="user.language" value="zh"/>
    <property name="awt.toolkit" value="sun.awt.windows.WToolkit"/>
    <property name="java.vm.info" value="mixed mode"/>
    <property name="java.version" value="1.6.0_13"/>
    <property name="java.ext.dirs" value="C:\Users\RTF\AppData\Local\MyEclipse\Common\binary\com.sun.java.jdk.win32.x86_64_1.6.0.013\jre\lib\ext;C:\Windows\Sun\Java\lib\ext"/>
    <property name="sun.boot.class.path" value="C:\Users\RTF\AppData\Local\MyEclipse\Common\binary\com.sun.java.jdk.win32.x86_64_1.6.0.013\jre\lib\resources.jar;C:\Users\RTF\AppData\Local\MyEclipse\Common\binary\com.sun.java.jdk.win32.x86_64_1.6.0.013\jre\lib\rt.jar;C:\Users\RTF\AppData\Local\MyEclipse\Common\binary\com.sun.java.jdk.win32.x86_64_1.6.0.013\jre\lib\sunrsasign.jar;C:\Users\RTF\AppData\Local\MyEclipse\Common\binary\com.sun.java.jdk.win32.x86_64_1.6.0.013\jre\lib\jsse.jar;C:\Users\RTF\AppData\Local\MyEclipse\Common\binary\com.sun.java.jdk.win32.x86_64_1.6.0.013\jre\lib\jce.jar;C:\Users\RTF\AppData\Local\MyEclipse\Common\binary\com.sun.java.jdk.win32.x86_64_1.6.0.013\jre\lib\charsets.jar;C:\Users\RTF\AppData\Local\MyEclipse\Common\binary\com.sun.java.jdk.win32.x86_64_1.6.0.013\jre\classes"/>
    <property name="java.vendor" value="Sun Microsystems Inc."/>
    <property name="localRepository" value="D:\.m2\repository"/>
    <property name="file.separator" value="\"/>
    <property name="java.vendor.url.bug" value="http://java.sun.com/cgi-bin/bugreport.cgi"/>
    <property name="sun.cpu.endian" value="little"/>
    <property name="sun.io.unicode.encoding" value="UnicodeLittle"/>
    <property name="sun.desktop" value="windows"/>
    <property name="sun.cpu.isalist" value="amd64"/>
  </properties>
  <testcase time="0.005" classname="test.LoginLogoutTest" name="initializationError">
    <error message="Method testHelloWorld() should be public" type="java.lang.Exception">java.lang.Exception: Method testHelloWorld() should be public
	at org.junit.runners.model.FrameworkMethod.validatePublicVoid(FrameworkMethod.java:94)
	at org.junit.runners.model.FrameworkMethod.validatePublicVoidNoArg(FrameworkMethod.java:70)
	at org.junit.runners.ParentRunner.validatePublicVoidNoArgMethods(ParentRunner.java:133)
	at org.junit.runners.BlockJUnit4ClassRunner.validateTestMethods(BlockJUnit4ClassRunner.java:186)
	at org.junit.runners.BlockJUnit4ClassRunner.validateInstanceMethods(BlockJUnit4ClassRunner.java:166)
	at org.junit.runners.BlockJUnit4ClassRunner.collectInitializationErrors(BlockJUnit4ClassRunner.java:104)
	at org.junit.runners.ParentRunner.validate(ParentRunner.java:355)
	at org.junit.runners.ParentRunner.&lt;init&gt;(ParentRunner.java:76)
	at org.junit.runners.BlockJUnit4ClassRunner.&lt;init&gt;(BlockJUnit4ClassRunner.java:57)
	at org.junit.internal.builders.JUnit4Builder.runnerForClass(JUnit4Builder.java:10)
	at org.junit.runners.model.RunnerBuilder.safeRunnerForClass(RunnerBuilder.java:59)
	at org.junit.internal.builders.AllDefaultPossibilitiesBuilder.runnerForClass(AllDefaultPossibilitiesBuilder.java:26)
	at org.junit.runners.model.RunnerBuilder.safeRunnerForClass(RunnerBuilder.java:59)
	at org.junit.internal.requests.ClassRequest.getRunner(ClassRequest.java:26)
	at org.apache.maven.surefire.junit4.JUnit4TestSet.execute(JUnit4TestSet.java:33)
	at org.apache.maven.surefire.junit4.JUnit4Provider.executeTestSet(JUnit4Provider.java:146)
	at org.apache.maven.surefire.junit4.JUnit4Provider.invoke(JUnit4Provider.java:97)
	at sun.reflect.NativeMethodAccessorImpl.invoke0(Native Method)
	at sun.reflect.NativeMethodAccessorImpl.invoke(NativeMethodAccessorImpl.java:39)
	at sun.reflect.DelegatingMethodAccessorImpl.invoke(DelegatingMethodAccessorImpl.java:25)
	at java.lang.reflect.Method.invoke(Method.java:597)
	at org.apache.maven.surefire.booter.ProviderFactory$ClassLoaderProxy.invoke(ProviderFactory.java:103)
	at $Proxy0.invoke(Unknown Source)
	at org.apache.maven.surefire.booter.SurefireStarter.invokeProvider(SurefireStarter.java:145)
	at org.apache.maven.surefire.booter.SurefireStarter.runSuitesInProcess(SurefireStarter.java:87)
	at org.apache.maven.surefire.booter.ForkedBooter.main(ForkedBooter.java:69)
</error>
    <system-out>@HL
@HL-------------------------------------------------------
@HL T E S T S
@HL-------------------------------------------------------
@SLRunning test.LoginLogoutTest
</system-out>
  </testcase>
</testsuite>